2017-05-27 22:27:30.017080 Traceback (most recent call last):
  File "/home/shadoww/Projects/yunomi/core/rule_executor.py", line 38, in shouldStabilize
    score = rule.run(rev)
  File "/home/shadoww/Projects/yunomi/core/rules/ores.py", line 33, in run
    scores = self.ores_api.getScore([rev["revision"]["new"]])
  File "/home/shadoww/Projects/yunomi/core/mwapi.py", line 30, in getScore
    return json.load(urlopen(request_url).read().decode('utf8'))
  File "/usr/lib/python3.6/json/__init__.py", line 296, in load
    return loads(fp.read(),
AttributeError: 'str' object has no attribute 'read'
 
2017-05-27 22:27:43.025442 Traceback (most recent call last):
  File "/home/shadoww/Projects/yunomi/core/rule_executor.py", line 38, in shouldStabilize
    score = rule.run(rev)
  File "/home/shadoww/Projects/yunomi/core/rules/ores.py", line 33, in run
    scores = self.ores_api.getScore([rev["revision"]["new"]])
  File "/home/shadoww/Projects/yunomi/core/mwapi.py", line 30, in getScore
    return json.load(urlopen(request_url).read().decode('utf8'))
  File "/usr/lib/python3.6/json/__init__.py", line 296, in load
    return loads(fp.read(),
AttributeError: 'str' object has no attribute 'read'
 
2017-05-27 22:28:01.055667 Traceback (most recent call last):
  File "/home/shadoww/Projects/yunomi/core/rule_executor.py", line 38, in shouldStabilize
    score = rule.run(rev)
  File "/home/shadoww/Projects/yunomi/core/rules/ores.py", line 33, in run
    scores = self.ores_api.getScore([rev["revision"]["new"]])
  File "/home/shadoww/Projects/yunomi/core/mwapi.py", line 30, in getScore
    return json.load(urlopen(request_url).read().decode('utf8'))
  File "/usr/lib/python3.6/json/__init__.py", line 296, in load
    return loads(fp.read(),
AttributeError: 'str' object has no attribute 'read'
 
2017-05-27 22:28:10.371444 Traceback (most recent call last):
  File "/home/shadoww/Projects/yunomi/core/rule_executor.py", line 38, in shouldStabilize
    score = rule.run(rev)
  File "/home/shadoww/Projects/yunomi/core/rules/ores.py", line 33, in run
    scores = self.ores_api.getScore([rev["revision"]["new"]])
  File "/home/shadoww/Projects/yunomi/core/mwapi.py", line 30, in getScore
    return json.load(urlopen(request_url).read().decode('utf8'))
  File "/usr/lib/python3.6/json/__init__.py", line 296, in load
    return loads(fp.read(),
AttributeError: 'str' object has no attribute 'read'
 
2017-05-27 22:39:44.175352 Traceback (most recent call last):
  File "/home/shadoww/Projects/yunomi/core/rule_executor.py", line 38, in shouldStabilize
    score = rule.run(rev)
  File "/home/shadoww/Projects/yunomi/core/rules/ores.py", line 33, in run
    scores = self.ores_api.getScore([rev["revision"]["new"]])
  File "/home/shadoww/Projects/yunomi/core/mwapi.py", line 34, in getScore
    return json.load(request)
  File "/usr/lib/python3.6/json/__init__.py", line 296, in load
    return loads(fp.read(),
AttributeError: 'str' object has no attribute 'read'
 
2017-05-27 22:39:46.648813 Traceback (most recent call last):
  File "/home/shadoww/Projects/yunomi/core/rule_executor.py", line 38, in shouldStabilize
    score = rule.run(rev)
  File "/home/shadoww/Projects/yunomi/core/rules/greylist.py", line 22, in run
    self.greylist = json.loads(page.text)
  File "core/lib/pywikibot/page.py", line 473, in text
    self._text = self.get(get_redirect=True)
  File "core/lib/pywikibot/tools/__init__.py", line 1105, in wrapper
    return obj(*__args, **__kw)
  File "core/lib/pywikibot/page.py", line 364, in get
    self._getInternals(sysop)
  File "core/lib/pywikibot/page.py", line 394, in _getInternals
    self.site.loadrevisions(self, getText=True, sysop=sysop)
  File "core/lib/pywikibot/site.py", line 3352, in loadrevisions
    for pagedata in rvgen:
  File "core/lib/pywikibot/data/api.py", line 2280, in __iter__
    self.data = self.request.submit()
  File "core/lib/pywikibot/data/api.py", line 1558, in submit
    body=body, headers=headers)
  File "core/lib/pywikibot/tools/__init__.py", line 1105, in wrapper
    return obj(*__args, **__kw)
  File "core/lib/pywikibot/comms/http.py", line 279, in request
    r = fetch(baseuri, method, body, headers, **kwargs)
  File "core/lib/pywikibot/comms/http.py", line 376, in fetch
    request._join()  # wait for it
  File "core/lib/pywikibot/comms/threadedhttp.py", line 361, in _join
    self.lock.acquire(True)
  File "/usr/lib/python3.6/threading.py", line 426, in acquire
    self._cond.wait(timeout)
  File "/usr/lib/python3.6/threading.py", line 295, in wait
    waiter.acquire()
KeyboardInterrupt
 
2017-05-27 22:40:24.791313 Traceback (most recent call last):
  File "/home/shadoww/Projects/yunomi/core/rule_executor.py", line 38, in shouldStabilize
    score = rule.run(rev)
  File "/home/shadoww/Projects/yunomi/core/rules/ores.py", line 33, in run
    scores = self.ores_api.getScore([rev["revision"]["new"]])
  File "/home/shadoww/Projects/yunomi/core/mwapi.py", line 34, in getScore
    return json.load(request)
  File "/usr/lib/python3.6/json/__init__.py", line 296, in load
    return loads(fp.read(),
AttributeError: 'str' object has no attribute 'read'
 
2017-05-27 22:40:39.220222 Traceback (most recent call last):
  File "/home/shadoww/Projects/yunomi/core/rule_executor.py", line 38, in shouldStabilize
    score = rule.run(rev)
  File "/home/shadoww/Projects/yunomi/core/rules/ores.py", line 33, in run
    scores = self.ores_api.getScore([rev["revision"]["new"]])
  File "/home/shadoww/Projects/yunomi/core/mwapi.py", line 34, in getScore
    return json.load(request)
  File "/usr/lib/python3.6/json/__init__.py", line 296, in load
    return loads(fp.read(),
AttributeError: 'str' object has no attribute 'read'
 
